<?xml version="1.0" encoding="UTF-8" standalone="no"?>
<!DOCTYPE log SYSTEM "logger.dtd">
<log>
<record>
  <date>2015-01-22T21:41:23</date>
  <millis>1421955683602</millis>
  <sequence>0</sequence>
  <logger>TaxLogger</logger>
  <level>FINER</level>
  <class>SalesTax.SalesTax.TaxClient</class>
  <method>main method</method>
  <thread>1</thread>
  <message>ENTRY</message>
</record>
<record>
  <date>2015-01-22T21:41:23</date>
  <millis>1421955683615</millis>
  <sequence>1</sequence>
  <logger>TaxLogger</logger>
  <level>FINER</level>
  <class>SalesTax.SalesTax.TaxClient</class>
  <method>Entry - input option</method>
  <thread>1</thread>
  <message>ENTRY</message>
</record>
